javascript/generated/game/base/AbortableController.mjs (d285d92d8ff2c15bb20e43c2f94db55f1d1d1f0d) [新文件]
javascript/generated/game/base/event.mjs (f88c2dea8b1d92d7950fd09fe918dde38e1cb2f4) [更新]
javascript/generated/game/base/util.mjs (eca3a0c54c95e3a95156d559b23ca6852f68cdf9) [更新]
javascript/generated/game/binding-patch/define.mjs (2d4d3199270e96b322fd170d10c9eeb4dae02b9b) [更新]
javascript/generated/game/config/activity-cfg.mjs (b7b48f7acdd03e4b6fb305906e19c6f386d71c9c) [更新]
javascript/generated/game/debug/DebugMenu.mjs (fb8fb24d1d07d0d478f9fe2b76d3b54f72b66610) [更新]
javascript/generated/game/lib/Emitter.mjs (6f1d7f76b664592704d07af77e02c23f17c169dd) [新文件]
javascript/generated/game/main.mjs (2c2ae0df1a9f9e164c2045badedbd5fe5cde87fa) [更新]
javascript/generated/game/module/ActivityModule.mjs (1ecf657e21a379a29db1b9e82c221b769333818b) [更新]
javascript/generated/game/ui/Brawloween2025EventMenuPopup.mjs (5d95c61e6770ddbaab0b58284f92c51de841282c) [新文件]
javascript/generated/game/ui/ChestDetailPopup.mjs (a6656178c35f7c07784ff8ca9602f70bdd7c15c6) [更新]
javascript/generated/game/ui/SubwayEventMenuPopup.mjs (bc42b7d7788ef350c2fefa790b1176057a76b9dc) [新文件]
javascript/generated/game/ui/activity/ActivityCalendarContainer.mjs (26a7fd1f9699377b4c7483c52b995476ef7e477c) [更新]
javascript/generated/game/ui/activity/ActivityMilestoneContainer.mjs (99707ccc7010b7a0e40e21927ab931f60d5b4a98) [更新]
javascript/generated/game/ui/activity/ActivityPopup.mjs (8e7c7da266994b044059ed96de6baba3bea3c621) [更新]
javascript/generated/game/ui/activity/LotteryDrawContainer.mjs (b8ae15a07c86cd97266ecc5d33e6997bfd282f07) [更新]
javascript/generated/game/ui/activity/activity-utils.mjs (5868e2750d8710f2d6f75ed47436e7fc93baa83a) [更新]
javascript/generated/game/ui/cpp_popups.mjs (d01b815cb85173349948ac78c7e41ad373cf16b0) [更新]
javascript/generated/game/ui/settings/SettingsScreen.mjs (f41ac7ef44b076f3bd960638e3bca7cd8f922004) [更新]
javascript/generated/titanscript/sc.mjs (0d563a76ebcd1735c7cdad40bfed58668754a59b) [更新]